Build started 2012-11-14 12:44:57.
     1>Project "H:\ÅR 2\OSB304\Labb06\cp\cp\cp.vcxproj" on node 2 (build target(s)).
     1>InitializeBuildStatus:
         Creating "Debug\cp.unsuccessfulbuild" because "AlwaysCreate" was specified.
       ClCompile:
         All outputs are up-to-date.
         c:\Program Files (x86)\Microsoft Visual Studio 10.0\VC\bin\CL.exe /c /ZI /nologo /W3 /WX- /Od /Oy- /D WIN32 /D _DEBUG /D _CONSOLE /D _UNICODE /D UNICODE /Gm /EHsc /RTC1 /MDd /GS /fp:precise /Zc:wchar_t /Zc:forScope /Yu"StdAfx.h" /Fp"Debug\cp.pch" /Fo"Debug\\" /Fd"Debug\vc100.pdb" /Gd /TP /analyze- /errorReport:prompt cp.cpp
         cp.cpp
       ManifestResourceCompile:
         All outputs are up-to-date.
       Link:
         c:\Program Files (x86)\Microsoft Visual Studio 10.0\VC\bin\link.exe /ERRORREPORT:PROMPT /OUT:"H:\ÅR 2\OSB304\Labb06\cp\Debug\cp.exe" /INCREMENTAL /NOLOGO kernel32.lib user32.lib gdi32.lib winspool.lib comdlg32.lib advapi32.lib shell32.lib ole32.lib oleaut32.lib uuid.lib odbc32.lib odbccp32.lib /MANIFEST /ManifestFile:"Debug\cp.exe.intermediate.manifest" /MANIFESTUAC:"level='asInvoker' uiAccess='false'" /DEBUG /PDB:"H:\ÅR 2\OSB304\Labb06\cp\Debug\cp.pdb" /SUBSYSTEM:CONSOLE /TLBID:1 /DYNAMICBASE /NXCOMPAT /IMPLIB:"H:\ÅR 2\OSB304\Labb06\cp\Debug\cp.lib" /MACHINE:X86 Debug\cp.exe.embed.manifest.res
         Debug\cp.obj
         Debug\stdafx.obj
       Manifest:
         C:\Program Files (x86)\Microsoft SDKs\Windows\v7.0A\bin\mt.exe /nologo /verbose /out:"Debug\cp.exe.embed.manifest" /manifest Debug\cp.exe.intermediate.manifest
         All outputs are up-to-date.
       LinkEmbedManifest:
         c:\Program Files (x86)\Microsoft Visual Studio 10.0\VC\bin\link.exe /ERRORREPORT:PROMPT /OUT:"H:\ÅR 2\OSB304\Labb06\cp\Debug\cp.exe" /INCREMENTAL /NOLOGO kernel32.lib user32.lib gdi32.lib winspool.lib comdlg32.lib advapi32.lib shell32.lib ole32.lib oleaut32.lib uuid.lib odbc32.lib odbccp32.lib /MANIFEST /ManifestFile:"Debug\cp.exe.intermediate.manifest" /MANIFESTUAC:"level='asInvoker' uiAccess='false'" /DEBUG /PDB:"H:\ÅR 2\OSB304\Labb06\cp\Debug\cp.pdb" /SUBSYSTEM:CONSOLE /TLBID:1 /DYNAMICBASE /NXCOMPAT /IMPLIB:"H:\ÅR 2\OSB304\Labb06\cp\Debug\cp.lib" /MACHINE:X86 Debug\cp.exe.embed.manifest.res
         Debug\cp.obj
         Debug\stdafx.obj
         cp.vcxproj -> H:\ÅR 2\OSB304\Labb06\cp\Debug\cp.exe
       FinalizeBuildStatus:
         Deleting file "Debug\cp.unsuccessfulbuild".
         Touching "Debug\cp.lastbuildstate".
     1>Done Building Project "H:\ÅR 2\OSB304\Labb06\cp\cp\cp.vcxproj" (build target(s)).

Build succeeded.

Time Elapsed 00:00:14.03
